<?xml version="1.0" encoding="utf-8" standalone="no"?>
<test-results xmlns:xsi="http://www.w3.org/2001/XMLSchema-instance" xsi:noNamespaceSchemaLocation="nunit_schema_2.5.xsd" name="Pester" total="983" errors="0" failures="8" not-run="0" inconclusive="2" ignored="0" skipped="0" invalid="0" date="2018-04-25" time="20:02:40">
  <environment user="adamh" machine-name="X1" cwd="C:\Users\adamh\source\repos\PowerSTIG\PowerStigConvert\tests\unit" user-domain="X1" platform="Microsoft Windows 10 Pro|C:\WINDOWS|\Device\Harddisk0\Partition3" nunit-version="2.5.8.0" os-version="10.0.16299" clr-version="4.0.30319.42000" />
  <culture-info current-culture="en-US" current-uiculture="en-US" />
  <test-suite type="TestFixture" name="Pester" executed="True" result="Failure" success="False" time="45.548" asserts="0" description="Pester">
    <results>
      <test-suite type="TestFixture" name="C:\Users\adamh\source\repos\PowerSTIG\PowerStigConvert\tests\unit\private\common\accountPolicyRule.tests.ps1" executed="True" result="Success" success="True" time="1.2311" asserts="0" description="C:\Users\adamh\source\repos\PowerSTIG\PowerStigConvert\tests\unit\private\common\accountPolicyRule.tests.ps1">
        <results>
          <test-suite type="TestFixture" name="ConvertTo-AccountPolicyRule" executed="True" result="Success" success="True" time="1.2311" asserts="0" description="ConvertTo-AccountPolicyRule">
            <results>
              <test-case description="Should return an AccountPolicyRule object" name="ConvertTo-AccountPolicyRule.Should return an AccountPolicyRule object" time="1.2311" asserts="0" success="True" result="Success" executed="True" />
            </results>
          </test-suite>
        </results>
      </test-suite>
      <test-suite type="TestFixture" name="C:\Users\adamh\source\repos\PowerSTIG\PowerStigConvert\tests\unit\private\common\auditPolicyRule.tests.ps1" executed="True" result="Success" success="True" time="0.39" asserts="0" description="C:\Users\adamh\source\repos\PowerSTIG\PowerStigConvert\tests\unit\private\common\auditPolicyRule.tests.ps1">
        <results>
          <test-suite type="TestFixture" name="ConvertTo-AuditPolicyRule" executed="True" result="Success" success="True" time="0.39" asserts="0" description="ConvertTo-AuditPolicyRule">
            <results>
              <test-case description="Should return an AuditPolicyRule object" name="ConvertTo-AuditPolicyRule.Should return an AuditPolicyRule object" time="0.39" asserts="0" success="True" result="Success" executed="True" />
            </results>
          </test-suite>
        </results>
      </test-suite>
      <test-suite type="TestFixture" name="C:\Users\adamh\source\repos\PowerSTIG\PowerStigConvert\tests\unit\private\common\documentRule.tests.ps1" executed="True" result="Success" success="True" time="0.1863" asserts="0" description="C:\Users\adamh\source\repos\PowerSTIG\PowerStigConvert\tests\unit\private\common\documentRule.tests.ps1">
        <results>
          <test-suite type="TestFixture" name="ConvertTo-DocumentRule" executed="True" result="Success" success="True" time="0.1863" asserts="0" description="ConvertTo-DocumentRule">
            <results>
              <test-case description="Should return an DocumentRule object" name="ConvertTo-DocumentRule.Should return an DocumentRule object" time="0.1863" asserts="0" success="True" result="Success" executed="True" />
            </results>
          </test-suite>
        </results>
      </test-suite>
      <test-suite type="TestFixture" name="C:\Users\adamh\source\repos\PowerSTIG\PowerStigConvert\tests\unit\private\common\helperFunctions.tests.ps1" executed="True" result="Success" success="True" time="0.1539" asserts="0" description="C:\Users\adamh\source\repos\PowerSTIG\PowerStigConvert\tests\unit\private\common\helperFunctions.tests.ps1">
        <results>
          <test-suite type="TestFixture" name="Get-AvailableId" executed="True" result="Success" success="True" time="0.1539" asserts="0" description="Get-AvailableId">
            <results>
              <test-case description="Should ad the nexy available letter to an Id" name="Get-AvailableId.Should ad the nexy available letter to an Id" time="0.1539" asserts="0" success="True" result="Success" executed="True" />
            </results>
          </test-suite>
        </results>
      </test-suite>
      <test-suite type="TestFixture" name="C:\Users\adamh\source\repos\PowerSTIG\PowerStigConvert\tests\unit\private\common\main.dscXml.tests.ps1" executed="True" result="Success" success="True" time="0.7604" asserts="0" description="C:\Users\adamh\source\repos\PowerSTIG\PowerStigConvert\tests\unit\private\common\main.dscXml.tests.ps1">
        <results>
          <test-suite type="TestFixture" name="New-OrganizationalSettingsXmlFile" executed="True" result="Success" success="True" time="0.3686" asserts="0" description="New-OrganizationalSettingsXmlFile">
            <results>
              <test-case description="Should exist" name="New-OrganizationalSettingsXmlFile.Should exist" time="0.3686" asserts="0" success="True" result="Success" executed="True" />
            </results>
          </test-suite>
          <test-suite type="TestFixture" name="Get-StigVersionNumber" executed="True" result="Success" success="True" time="0.092" asserts="0" description="Get-StigVersionNumber">
            <results>
              <test-case description="Should exist" name="Get-StigVersionNumber.Should exist" time="0.092" asserts="0" success="True" result="Success" executed="True" />
            </results>
          </test-suite>
          <test-suite type="TestFixture" name="Get-StigObjectsWithOrgSettings" executed="True" result="Success" success="True" time="0.0772" asserts="0" description="Get-StigObjectsWithOrgSettings">
            <results>
              <test-case description="Should exist" name="Get-StigObjectsWithOrgSettings.Should exist" time="0.0772" asserts="0" success="True" result="Success" executed="True" />
            </results>
          </test-suite>
          <test-suite type="TestFixture" name="Get-CompositeTargetFolder" executed="True" result="Success" success="True" time="0.1603" asserts="0" description="Get-CompositeTargetFolder">
            <results>
              <test-case description="Should return 'WindowsServerDC' from 'Windows Server 2012/2012 R2 Domain Controller Security Technical Implementation Guide' " name="Get-CompositeTargetFolder.Should return 'WindowsServerDC' from 'Windows Server 2012/2012 R2 Domain Controller Security Technical Implementation Guide' " time="0.1265" asserts="0" success="True" result="Success" executed="True" />
              <test-case description="Should return 'WindowsServerMS' from 'Windows Server 2012/2012 R2 Member Server Security Technical Implementation Guide' " name="Get-CompositeTargetFolder.Should return 'WindowsServerMS' from 'Windows Server 2012/2012 R2 Member Server Security Technical Implementation Guide' " time="0.0339" asserts="0" success="True" result="Success" executed="True" />
            </results>
          </test-suite>
          <test-suite type="TestFixture" name="Get-OutputFileRoot" executed="True" result="Success" success="True" time="0.0622" asserts="0" description="Get-OutputFileRoot">
            <results>
              <test-case description="Should exist" name="Get-OutputFileRoot.Should exist" time="0.0622" asserts="0" success="True" result="Success" executed="True" />
            </results>
          </test-suite>
        </results>
      </test-suite>
      <test-suite type="TestFixture" name="C:\Users\adamh\source\repos\PowerSTIG\PowerStigConvert\tests\unit\private\common\main.report.tests.ps1" executed="True" result="Inconclusive" success="True" time="0.1055" asserts="0" description="C:\Users\adamh\source\repos\PowerSTIG\PowerStigConvert\tests\unit\private\common\main.report.tests.ps1">
        <results>
          <test-suite type="TestFixture" name="Get-RuleTypeList" executed="True" result="Inconclusive" success="True" time="0.1055" asserts="0" description="Get-RuleTypeList">
            <results>
              <test-case description="Should exist" name="Get-RuleTypeList.Should exist" time="0.1015" asserts="0" success="True" result="Success" executed="True" />
              <test-case description="Should return alphabetical list of STIG Types " name="Get-RuleTypeList.Should return alphabetical list of STIG Types " time="0.004" asserts="0" success="True" result="Inconclusive" executed="True" />
            </results>
          </test-suite>
        </results>
      </test-suite>
      <test-suite type="TestFixture" name="C:\Users\adamh\source\repos\PowerSTIG\PowerStigConvert\tests\unit\private\common\main.xccdfXml.tests.ps1" executed="True" result="Failure" success="False" time="1.1349" asserts="0" description="C:\Users\adamh\source\repos\PowerSTIG\PowerStigConvert\tests\unit\private\common\main.xccdfXml.tests.ps1">
        <results>
          <test-suite type="TestFixture" name="Get-StigXccdfBenchmarkContent" executed="True" result="Failure" success="False" time="0.8795" asserts="0" description="Get-StigXccdfBenchmarkContent">
            <results>
              <test-case description="Should throw an error when an invalid path is given." name="Get-StigXccdfBenchmarkContent.Should throw an error when an invalid path is given." time="0.3799" asserts="0" success="True" result="Success" executed="True" />
              <test-case description="Should call Get-StigContentFromZip if a zip file is provided." name="Get-StigXccdfBenchmarkContent.Should call Get-StigContentFromZip if a zip file is provided." time="0.1505" asserts="0" success="False" result="Failure" executed="True">
                <failure>
                  <message>This command has been renamed to 'Assert-VerifiableMock' (without the 's' at the end), please update your code. For more information see: https://github.com/pester/Pester/wiki/Migrating-from-Pester-3-to-Pester-4</message>
                  <stack-trace>at &lt;ScriptBlock&gt;, C:\Program Files\WindowsPowerShell\Modules\Pester\4.1.1\Pester.psm1: line 1145
1145: Throw "This command has been renamed to 'Assert-VerifiableMock' (without the 's' at the end), please update your code. For more information see: https://github.com/pester/Pester/wiki/Migrating-from-Pester-3-to-Pester-4"
</stack-trace>
                </failure>
              </test-case>
              <test-case description="Should call Get-Content if a xml file is provided." name="Get-StigXccdfBenchmarkContent.Should call Get-Content if a xml file is provided." time="0.1806" asserts="0" success="False" result="Failure" executed="True">
                <failure>
                  <message>This command has been renamed to 'Assert-VerifiableMock' (without the 's' at the end), please update your code. For more information see: https://github.com/pester/Pester/wiki/Migrating-from-Pester-3-to-Pester-4</message>
                  <stack-trace>at &lt;ScriptBlock&gt;, C:\Program Files\WindowsPowerShell\Modules\Pester\4.1.1\Pester.psm1: line 1145
1145: Throw "This command has been renamed to 'Assert-VerifiableMock' (without the 's' at the end), please update your code. For more information see: https://github.com/pester/Pester/wiki/Migrating-from-Pester-3-to-Pester-4"
</stack-trace>
                </failure>
              </test-case>
              <test-case description="Should thrown an error if the xccdf is invalid " name="Get-StigXccdfBenchmarkContent.Should thrown an error if the xccdf is invalid " time="0.1685" asserts="0" success="True" result="Success" executed="True" />
            </results>
          </test-suite>
          <test-suite type="TestFixture" name="Get-StigContentFromZip" executed="True" result="Success" success="True" time="0" asserts="0" description="Get-StigContentFromZip">
            <results />
          </test-suite>
          <test-suite type="TestFixture" name="Test-ValidXccdf" executed="True" result="Success" success="True" time="0.2554" asserts="0" description="Test-ValidXccdf">
            <results>
              <test-case description="Should return True if all requires elements are found" name="Test-ValidXccdf.Should return True if all requires elements are found" time="0.1543" asserts="0" success="True" result="Success" executed="True" />
              <test-case description="Should return False if the title element is not found" name="Test-ValidXccdf.Should return False if the title element is not found" time="0.0307" asserts="0" success="True" result="Success" executed="True" />
              <test-case description="Should return False if the version element is not found" name="Test-ValidXccdf.Should return False if the version element is not found" time="0.0273" asserts="0" success="True" result="Success" executed="True" />
              <test-case description="Should return False if the group element is not found" name="Test-ValidXccdf.Should return False if the group element is not found" time="0.0431" asserts="0" success="True" result="Success" executed="True" />
            </results>
          </test-suite>
        </results>
      </test-suite>
      <test-suite type="TestFixture" name="C:\Users\adamh\source\repos\PowerSTIG\PowerStigConvert\tests\unit\private\common\manualRule.tests.ps1" executed="True" result="Success" success="True" time="0.1713" asserts="0" description="C:\Users\adamh\source\repos\PowerSTIG\PowerStigConvert\tests\unit\private\common\manualRule.tests.ps1">
        <results>
          <test-suite type="TestFixture" name="ConvertTo-ManualRule" executed="True" result="Success" success="True" time="0.1713" asserts="0" description="ConvertTo-ManualRule">
            <results>
              <test-case description="Should return an ManualRule object" name="ConvertTo-ManualRule.Should return an ManualRule object" time="0.1713" asserts="0" success="True" result="Success" executed="True" />
            </results>
          </test-suite>
        </results>
      </test-suite>
      <test-suite type="TestFixture" name="C:\Users\adamh\source\repos\PowerSTIG\PowerStigConvert\tests\unit\private\common\permissionRule.tests.ps1" executed="True" result="Success" success="True" time="1.6138" asserts="0" description="C:\Users\adamh\source\repos\PowerSTIG\PowerStigConvert\tests\unit\private\common\permissionRule.tests.ps1">
        <results>
          <test-suite type="TestFixture" name="ConvertTo-PermissionRule" executed="True" result="Success" success="True" time="0.4263" asserts="0" description="ConvertTo-PermissionRule">
            <results>
              <test-case description="Should return an PermissionRule object" name="ConvertTo-PermissionRule.Should return an PermissionRule object" time="0.4263" asserts="0" success="True" result="Success" executed="True" />
            </results>
          </test-suite>
          <test-suite type="TestFixture" name="Private Permission Rule" executed="True" result="Success" success="True" time="1.1875" asserts="0" description="Private Permission Rule">
            <results>
              <test-suite type="TestFixture" name="Get-PermissionTargetPath" executed="True" result="Success" success="True" time="0.9304" asserts="0" description="Get-PermissionTargetPath">
                <results>
                  <test-case description="Should return %SystemDrive%\ from system drive's root directory" name="Private Permission Rule.Get-PermissionTargetPath.Should return %SystemDrive%\ from system drive's root directory" time="0.1255" asserts="0" success="True" result="Success" executed="True" />
                  <test-case description="Should return %SystemDrive%\ from system drive's root directory " name="Private Permission Rule.Get-PermissionTargetPath.Should return %SystemDrive%\ from system drive's root directory " time="0.0077" asserts="0" success="True" result="Success" executed="True" />
                  <test-case description="Should return %SystemDrive%\ from  system drive's root directory" name="Private Permission Rule.Get-PermissionTargetPath.Should return %SystemDrive%\ from  system drive's root directory" time="0.0068" asserts="0" success="True" result="Success" executed="True" />
                  <test-case description="Should return %windir%\SYSTEM32\eventvwr.exe from eventvwr.exe" name="Private Permission Rule.Get-PermissionTargetPath.Should return %windir%\SYSTEM32\eventvwr.exe from eventvwr.exe" time="0.0135" asserts="0" success="True" result="Success" executed="True" />
                  <test-case description="Should return %windir%\SYSTEM32\eventvwr.exe from  eventvwr.exe" name="Private Permission Rule.Get-PermissionTargetPath.Should return %windir%\SYSTEM32\eventvwr.exe from  eventvwr.exe" time="0.0067" asserts="0" success="True" result="Success" executed="True" />
                  <test-case description="Should return %windir%\SYSTEM32\eventvwr.exe from eventvwr.exe " name="Private Permission Rule.Get-PermissionTargetPath.Should return %windir%\SYSTEM32\eventvwr.exe from eventvwr.exe " time="0.0085" asserts="0" success="True" result="Success" executed="True" />
                  <test-case description="Should return %windir%\SYSTEM32\eventvwr.exe from  The event viewer is eventvwr.exe " name="Private Permission Rule.Get-PermissionTargetPath.Should return %windir%\SYSTEM32\eventvwr.exe from  The event viewer is eventvwr.exe " time="0.0084" asserts="0" success="True" result="Success" executed="True" />
                  <test-case description="Should return %windir%\SYSTEM32\WINEVT\LOGS\Security.evtx from %SystemRoot%\SYSTEM32\WINEVT\LOGS " name="Private Permission Rule.Get-PermissionTargetPath.Should return %windir%\SYSTEM32\WINEVT\LOGS\Security.evtx from %SystemRoot%\SYSTEM32\WINEVT\LOGS " time="0.0455" asserts="0" success="True" result="Success" executed="True" />
                  <test-case description="Should return %windir%\SYSTEM32\WINEVT\LOGS\Application.evtx from %SystemRoot%\SYSTEM32\WINEVT\LOGS " name="Private Permission Rule.Get-PermissionTargetPath.Should return %windir%\SYSTEM32\WINEVT\LOGS\Application.evtx from %SystemRoot%\SYSTEM32\WINEVT\LOGS " time="0.013" asserts="0" success="True" result="Success" executed="True" />
                  <test-case description="Should return %windir%\SYSTEM32\WINEVT\LOGS\System.evtx from %SystemRoot%\SYSTEM32\WINEVT\LOGS " name="Private Permission Rule.Get-PermissionTargetPath.Should return %windir%\SYSTEM32\WINEVT\LOGS\System.evtx from %SystemRoot%\SYSTEM32\WINEVT\LOGS " time="0.008" asserts="0" success="True" result="Success" executed="True" />
                  <test-case description="Should return %windir%\SYSTEM32\WINEVT\LOGS\Security.evtx from   %SystemRoot%\SYSTEM32\WINEVT\LOGS " name="Private Permission Rule.Get-PermissionTargetPath.Should return %windir%\SYSTEM32\WINEVT\LOGS\Security.evtx from   %SystemRoot%\SYSTEM32\WINEVT\LOGS " time="0.0323" asserts="0" success="True" result="Success" executed="True" />
                  <test-case description="Should return %windir%\SYSTEM32\WINEVT\LOGS\Application.evtx from   %SystemRoot%\SYSTEM32\WINEVT\LOGS " name="Private Permission Rule.Get-PermissionTargetPath.Should return %windir%\SYSTEM32\WINEVT\LOGS\Application.evtx from   %SystemRoot%\SYSTEM32\WINEVT\LOGS " time="0.0461" asserts="0" success="True" result="Success" executed="True" />
                  <test-case description="Should return %windir%\SYSTEM32\WINEVT\LOGS\System.evtx from   %SystemRoot%\SYSTEM32\WINEVT\LOGS " name="Private Permission Rule.Get-PermissionTargetPath.Should return %windir%\SYSTEM32\WINEVT\LOGS\System.evtx from   %SystemRoot%\SYSTEM32\WINEVT\LOGS " time="0.1487" asserts="0" success="True" result="Success" executed="True" />
                  <test-case description="Should return %windir%\SYSTEM32\WINEVT\LOGS\Security.evtx from   %SystemRoot%\SYSTEM32\WINEVT\LOGS" name="Private Permission Rule.Get-PermissionTargetPath.Should return %windir%\SYSTEM32\WINEVT\LOGS\Security.evtx from   %SystemRoot%\SYSTEM32\WINEVT\LOGS" time="0.0934" asserts="0" success="True" result="Success" executed="True" />
                  <test-case description="Should return %windir%\SYSTEM32\WINEVT\LOGS\Application.evtx from   %SystemRoot%\SYSTEM32\WINEVT\LOGS" name="Private Permission Rule.Get-PermissionTargetPath.Should return %windir%\SYSTEM32\WINEVT\LOGS\Application.evtx from   %SystemRoot%\SYSTEM32\WINEVT\LOGS" time="0.1025" asserts="0" success="True" result="Success" executed="True" />
                  <test-case description="Should return %windir%\SYSTEM32\WINEVT\LOGS\System.evtx from   %SystemRoot%\SYSTEM32\WINEVT\LOGS" name="Private Permission Rule.Get-PermissionTargetPath.Should return %windir%\SYSTEM32\WINEVT\LOGS\System.evtx from   %SystemRoot%\SYSTEM32\WINEVT\LOGS" time="0.1075" asserts="0" success="True" result="Success" executed="True" />
                  <test-case description="Should return %windir%\SYSTEM32\WINEVT\LOGS\Security.evtx from %SystemRoot%\SYSTEM32\WINEVT\LOGS  " name="Private Permission Rule.Get-PermissionTargetPath.Should return %windir%\SYSTEM32\WINEVT\LOGS\Security.evtx from %SystemRoot%\SYSTEM32\WINEVT\LOGS  " time="0.0206" asserts="0" success="True" result="Success" executed="True" />
                  <test-case description="Should return %windir%\SYSTEM32\WINEVT\LOGS\Application.evtx from %SystemRoot%\SYSTEM32\WINEVT\LOGS  " name="Private Permission Rule.Get-PermissionTargetPath.Should return %windir%\SYSTEM32\WINEVT\LOGS\Application.evtx from %SystemRoot%\SYSTEM32\WINEVT\LOGS  " time="0.0169" asserts="0" success="True" result="Success" executed="True" />
                  <test-case description="Should return %windir%\SYSTEM32\WINEVT\LOGS\System.evtx from %SystemRoot%\SYSTEM32\WINEVT\LOGS  " name="Private Permission Rule.Get-PermissionTargetPath.Should return %windir%\SYSTEM32\WINEVT\LOGS\System.evtx from %SystemRoot%\SYSTEM32\WINEVT\LOGS  " time="0.016" asserts="0" success="True" result="Success" executed="True" />
                  <test-case description="Should return %windir%\SYSTEM32\WINEVT\LOGS\Security.evtx from The eventlog directory is %SystemRoot%\SYSTEM32\WINEVT\LOGS period. " name="Private Permission Rule.Get-PermissionTargetPath.Should return %windir%\SYSTEM32\WINEVT\LOGS\Security.evtx from The eventlog directory is %SystemRoot%\SYSTEM32\WINEVT\LOGS period. " time="0.0136" asserts="0" success="True" result="Success" executed="True" />
                  <test-case description="Should return %windir%\SYSTEM32\WINEVT\LOGS\Application.evtx from The eventlog directory is %SystemRoot%\SYSTEM32\WINEVT\LOGS period. " name="Private Permission Rule.Get-PermissionTargetPath.Should return %windir%\SYSTEM32\WINEVT\LOGS\Application.evtx from The eventlog directory is %SystemRoot%\SYSTEM32\WINEVT\LOGS period. " time="0.022" asserts="0" success="True" result="Success" executed="True" />
                  <test-case description="Should return %windir%\SYSTEM32\WINEVT\LOGS\System.evtx from The eventlog directory is %SystemRoot%\SYSTEM32\WINEVT\LOGS period. " name="Private Permission Rule.Get-PermissionTargetPath.Should return %windir%\SYSTEM32\WINEVT\LOGS\System.evtx from The eventlog directory is %SystemRoot%\SYSTEM32\WINEVT\LOGS period. " time="0.0671" asserts="0" success="True" result="Success" executed="True" />
                </results>
              </test-suite>
              <test-suite type="TestFixture" name="ConvertTo-AccessControlEntry" executed="True" result="Success" success="True" time="0.2571" asserts="0" description="ConvertTo-AccessControlEntry">
                <results>
                  <test-case description="Should return a principal count of 4" name="Private Permission Rule.ConvertTo-AccessControlEntry.Should return a principal count of 4" time="0.1288" asserts="0" success="True" result="Success" executed="True" />
                  <test-case description="Should have matching Values" name="Private Permission Rule.ConvertTo-AccessControlEntry.Should have matching Values" time="0.0595" asserts="0" success="True" result="Success" executed="True" />
                  <test-case description="Should assign different permissions" name="Private Permission Rule.ConvertTo-AccessControlEntry.Should assign different permissions" time="0.0286" asserts="0" success="True" result="Success" executed="True" />
                  <test-case description="Should have matching Inheritance values" name="Private Permission Rule.ConvertTo-AccessControlEntry.Should have matching Inheritance values" time="0.0402" asserts="0" success="True" result="Success" executed="True" />
                </results>
              </test-suite>
            </results>
          </test-suite>
        </results>
      </test-suite>
      <test-suite type="TestFixture" name="C:\Users\adamh\source\repos\PowerSTIG\PowerStigConvert\tests\unit\private\common\processMitigationRule.tests.ps1" executed="True" result="Success" success="True" time="0.2786" asserts="0" description="C:\Users\adamh\source\repos\PowerSTIG\PowerStigConvert\tests\unit\private\common\processMitigationRule.tests.ps1">
        <results>
          <test-suite type="TestFixture" name="ConvertTo-ProcessMitigationRule" executed="True" result="Success" success="True" time="0.2786" asserts="0" description="ConvertTo-ProcessMitigationRule">
            <results>
              <test-case description="Should return a ProcessMitigationRule object" name="ConvertTo-ProcessMitigationRule.Should return a ProcessMitigationRule object" time="0.2786" asserts="0" success="True" result="Success" executed="True" />
            </results>
          </test-suite>
        </results>
      </test-suite>
      <test-suite type="TestFixture" name="C:\Users\adamh\source\repos\PowerSTIG\PowerStigConvert\tests\unit\private\common\rangeConversion.tests.ps1" executed="True" result="Success" success="True" time="3.5197" asserts="0" description="C:\Users\adamh\source\repos\PowerSTIG\PowerStigConvert\tests\unit\private\common\rangeConversion.tests.ps1">
        <results>
          <test-suite type="TestFixture" name="Get-OrganizationValueTestString" executed="True" result="Success" success="True" time="0.3957" asserts="0" description="Get-OrganizationValueTestString">
            <results>
              <test-suite type="TestFixture" name="NegativeOr" executed="True" result="Success" success="True" time="0.1693" asserts="0" description="NegativeOr">
                <results>
                  <test-case description="Should return the correct string" name="Get-OrganizationValueTestString.NegativeOr.Should return the correct string" time="0.1693" asserts="0" success="True" result="Success" executed="True" />
                </results>
              </test-suite>
              <test-case description="Should exist" name="Get-OrganizationValueTestString.Should exist" time="0.2264" asserts="0" success="True" result="Success" executed="True" />
            </results>
          </test-suite>
          <test-suite type="TestFixture" name="Get-TestStringTokenNumbers" executed="True" result="Success" success="True" time="0.284" asserts="0" description="Get-TestStringTokenNumbers">
            <results>
              <test-case description="Should exist" name="Get-TestStringTokenNumbers.Should exist" time="0.1383" asserts="0" success="True" result="Success" executed="True" />
              <test-case description="Should return '30' when given 'less than 30'" name="Get-TestStringTokenNumbers.Should return '30' when given 'less than 30'" time="0.0315" asserts="0" success="True" result="Success" executed="True" />
              <test-case description="Should return '32768' when given '0x00008000 (32768) (or greater)'" name="Get-TestStringTokenNumbers.Should return '32768' when given '0x00008000 (32768) (or greater)'" time="0.0197" asserts="0" success="True" result="Success" executed="True" />
              <test-case description="Should return '30 60' when given '30 (or greater, but not 60)'" name="Get-TestStringTokenNumbers.Should return '30 60' when given '30 (or greater, but not 60)'" time="0.01" asserts="0" success="True" result="Success" executed="True" />
              <test-case description="Should return '15' when given '0x0000000f (15) (or less)'" name="Get-TestStringTokenNumbers.Should return '15' when given '0x0000000f (15) (or less)'" time="0.0262" asserts="0" success="True" result="Success" executed="True" />
              <test-case description="Should return '30 0' when given '30 (or less, but not 0)'" name="Get-TestStringTokenNumbers.Should return '30 0' when given '30 (or less, but not 0)'" time="0.0101" asserts="0" success="True" result="Success" executed="True" />
              <test-case description="Should return '30' when given '30 (or less)'" name="Get-TestStringTokenNumbers.Should return '30' when given '30 (or less)'" time="0.0071" asserts="0" success="True" result="Success" executed="True" />
              <test-case description="Should return '30 60' when given 'Greater than 30 (but not 60)'" name="Get-TestStringTokenNumbers.Should return '30 60' when given 'Greater than 30 (but not 60)'" time="0.0128" asserts="0" success="True" result="Success" executed="True" />
              <test-case description="Should return '30 0' when given 'Less than 30 (but not 0)'" name="Get-TestStringTokenNumbers.Should return '30 0' when given 'Less than 30 (but not 0)'" time="0.0082" asserts="0" success="True" result="Success" executed="True" />
              <test-case description="Should return '30' when given 'Greater than 30'" name="Get-TestStringTokenNumbers.Should return '30' when given 'Greater than 30'" time="0.0097" asserts="0" success="True" result="Success" executed="True" />
              <test-case description="Should return '30' when given '30 (or greater)'" name="Get-TestStringTokenNumbers.Should return '30' when given '30 (or greater)'" time="0.0105" asserts="0" success="True" result="Success" executed="True" />
            </results>
          </test-suite>
          <test-suite type="TestFixture" name="Get-TestStringTokenList" executed="True" result="Success" success="True" time="0.2735" asserts="0" description="Get-TestStringTokenList">
            <results>
              <test-suite type="TestFixture" name="CommandTokens ParameterSet" executed="True" result="Success" success="True" time="0.1449" asserts="0" description="CommandTokens ParameterSet">
                <results>
                  <test-case description="Should return 'less than' when given 'less than 30'" name="Get-TestStringTokenList.CommandTokens ParameterSet.Should return 'less than' when given 'less than 30'" time="0.0498" asserts="0" success="True" result="Success" executed="True" />
                  <test-case description="Should return 'or greater' when given '0x00008000 (32768) (or greater)'" name="Get-TestStringTokenList.CommandTokens ParameterSet.Should return 'or greater' when given '0x00008000 (32768) (or greater)'" time="0.0127" asserts="0" success="True" result="Success" executed="True" />
                  <test-case description="Should return 'or greater but not' when given '30 (or greater, but not 60)'" name="Get-TestStringTokenList.CommandTokens ParameterSet.Should return 'or greater but not' when given '30 (or greater, but not 60)'" time="0.0135" asserts="0" success="True" result="Success" executed="True" />
                  <test-case description="Should return 'or less' when given ' 0x0000000f (15) (or less)'" name="Get-TestStringTokenList.CommandTokens ParameterSet.Should return 'or less' when given ' 0x0000000f (15) (or less)'" time="0.0102" asserts="0" success="True" result="Success" executed="True" />
                  <test-case description="Should return 'or less but not' when given '30 (or less, but not 0)'" name="Get-TestStringTokenList.CommandTokens ParameterSet.Should return 'or less but not' when given '30 (or less, but not 0)'" time="0.0078" asserts="0" success="True" result="Success" executed="True" />
                  <test-case description="Should return 'or less' when given '30 (or less)'" name="Get-TestStringTokenList.CommandTokens ParameterSet.Should return 'or less' when given '30 (or less)'" time="0.013" asserts="0" success="True" result="Success" executed="True" />
                  <test-case description="Should return 'greater than but not' when given 'Greater than 30 (but not 60)'" name="Get-TestStringTokenList.CommandTokens ParameterSet.Should return 'greater than but not' when given 'Greater than 30 (but not 60)'" time="0.008" asserts="0" success="True" result="Success" executed="True" />
                  <test-case description="Should return 'less than but not' when given 'Less than 30 (but not 0)'" name="Get-TestStringTokenList.CommandTokens ParameterSet.Should return 'less than but not' when given 'Less than 30 (but not 0)'" time="0.0096" asserts="0" success="True" result="Success" executed="True" />
                  <test-case description="Should return 'greater than' when given 'Greater than 30'" name="Get-TestStringTokenList.CommandTokens ParameterSet.Should return 'greater than' when given 'Greater than 30'" time="0.009" asserts="0" success="True" result="Success" executed="True" />
                  <test-case description="Should return 'or greater' when given '30 (or greater)'" name="Get-TestStringTokenList.CommandTokens ParameterSet.Should return 'or greater' when given '30 (or greater)'" time="0.0114" asserts="0" success="True" result="Success" executed="True" />
                </results>
              </test-suite>
              <test-suite type="TestFixture" name="StringTokens ParameterSet" executed="True" result="Success" success="True" time="0.0818" asserts="0" description="StringTokens ParameterSet">
                <results>
                  <test-case description="Should return 'text1 text2 text3' when given '&quot;text1&quot; and &quot;text2&quot; but &quot;text3&quot; are between quotes'" name="Get-TestStringTokenList.StringTokens ParameterSet.Should return 'text1 text2 text3' when given '&quot;text1&quot; and &quot;text2&quot; but &quot;text3&quot; are between quotes'" time="0.0616" asserts="0" success="True" result="Success" executed="True" />
                  <test-case description="Should return 'text1' when given '&quot;text1&quot; is between quotes'" name="Get-TestStringTokenList.StringTokens ParameterSet.Should return 'text1' when given '&quot;text1&quot; is between quotes'" time="0.0095" asserts="0" success="True" result="Success" executed="True" />
                  <test-case description="Should return 'text1 text2' when given '&quot;text1&quot; and &quot;text2&quot; are between quotes'" name="Get-TestStringTokenList.StringTokens ParameterSet.Should return 'text1 text2' when given '&quot;text1&quot; and &quot;text2&quot; are between quotes'" time="0.0107" asserts="0" success="True" result="Success" executed="True" />
                </results>
              </test-suite>
              <test-case description="Should exist" name="Get-TestStringTokenList.Should exist" time="0.0468" asserts="0" success="True" result="Success" executed="True" />
            </results>
          </test-suite>
          <test-suite type="TestFixture" name="ConvertTo-TestString" executed="True" result="Success" success="True" time="0.3007" asserts="0" description="ConvertTo-TestString">
            <results>
              <test-case description="Should return '{0} -lt '30'' when given 'less than 30'" name="ConvertTo-TestString.Should return '{0} -lt '30'' when given 'less than 30'" time="0.0852" asserts="0" success="True" result="Success" executed="True" />
              <test-case description="Should return '{0} -ge '32768'' when given '0x00008000 (32768) (or greater)'" name="ConvertTo-TestString.Should return '{0} -ge '32768'' when given '0x00008000 (32768) (or greater)'" time="0.0114" asserts="0" success="True" result="Success" executed="True" />
              <test-case description="Should return '{0} -le '15'' when given '  0x0000000f (15) (or less)'" name="ConvertTo-TestString.Should return '{0} -le '15'' when given '  0x0000000f (15) (or less)'" time="0.0161" asserts="0" success="True" result="Success" executed="True" />
              <test-case description="Should return '{0} -ge '30' -and {0} -lt '60'' when given '30 (or greater, but not 60)'" name="ConvertTo-TestString.Should return '{0} -ge '30' -and {0} -lt '60'' when given '30 (or greater, but not 60)'" time="0.0384" asserts="0" success="True" result="Success" executed="True" />
              <test-case description="Should return '{0} -le '30' -and {0} -gt '0'' when given '30 (or less, but not 0)'" name="ConvertTo-TestString.Should return '{0} -le '30' -and {0} -gt '0'' when given '30 (or less, but not 0)'" time="0.03" asserts="0" success="True" result="Success" executed="True" />
              <test-case description="Should return '{0} -le '30'' when given '30 (or less)'" name="ConvertTo-TestString.Should return '{0} -le '30'' when given '30 (or less)'" time="0.0299" asserts="0" success="True" result="Success" executed="True" />
              <test-case description="Should return '{0} -gt '30' -and {0} -lt '60'' when given 'Greater than 30 (but not 60)'" name="ConvertTo-TestString.Should return '{0} -gt '30' -and {0} -lt '60'' when given 'Greater than 30 (but not 60)'" time="0.0397" asserts="0" success="True" result="Success" executed="True" />
              <test-case description="Should return '{0} -lt '30' -and {0} -gt '0'' when given 'Less than 30 (but not 0)'" name="ConvertTo-TestString.Should return '{0} -lt '30' -and {0} -gt '0'' when given 'Less than 30 (but not 0)'" time="0.0155" asserts="0" success="True" result="Success" executed="True" />
              <test-case description="Should return '{0} -gt '30'' when given 'Greater than 30'" name="ConvertTo-TestString.Should return '{0} -gt '30'' when given 'Greater than 30'" time="0.0171" asserts="0" success="True" result="Success" executed="True" />
              <test-case description="Should return '{0} -ge '30'' when given '30 (or greater)'" name="ConvertTo-TestString.Should return '{0} -ge '30'' when given '30 (or greater)'" time="0.0173" asserts="0" success="True" result="Success" executed="True" />
            </results>
          </test-suite>
          <test-suite type="TestFixture" name="Test-StringIsNegativeOr" executed="True" result="Success" success="True" time="0.2624" asserts="0" description="Test-StringIsNegativeOr">
            <results>
              <test-case description="Verifies the function exists" name="Test-StringIsNegativeOr.Verifies the function exists" time="0.0904" asserts="0" success="True" result="Success" executed="True" />
              <test-case description="Should be true with '1 or 2 = a Finding'" name="Test-StringIsNegativeOr.Should be true with '1 or 2 = a Finding'" time="0.0199" asserts="0" success="True" result="Success" executed="True" />
              <test-case description="Should be true with '10 or 20 = a Finding'" name="Test-StringIsNegativeOr.Should be true with '10 or 20 = a Finding'" time="0.011" asserts="0" success="True" result="Success" executed="True" />
              <test-case description="Should be true with ' 1 or 2 = a Finding'" name="Test-StringIsNegativeOr.Should be true with ' 1 or 2 = a Finding'" time="0.0075" asserts="0" success="True" result="Success" executed="True" />
              <test-case description="Should be true with '1 or 2 = a Finding '" name="Test-StringIsNegativeOr.Should be true with '1 or 2 = a Finding '" time="0.0142" asserts="0" success="True" result="Success" executed="True" />
              <test-case description="Should be true with ' 1 or 2 = a Finding '" name="Test-StringIsNegativeOr.Should be true with ' 1 or 2 = a Finding '" time="0.012" asserts="0" success="True" result="Success" executed="True" />
              <test-case description="Should be true with '1  or  2  =  a  Finding'" name="Test-StringIsNegativeOr.Should be true with '1  or  2  =  a  Finding'" time="0.0105" asserts="0" success="True" result="Success" executed="True" />
              <test-case description="Should be true with '1or2 = a Finding'" name="Test-StringIsNegativeOr.Should be true with '1or2 = a Finding'" time="0.012" asserts="0" success="True" result="Success" executed="True" />
              <test-case description="Should be true with '1or2=a Finding'" name="Test-StringIsNegativeOr.Should be true with '1or2=a Finding'" time="0.0137" asserts="0" success="True" result="Success" executed="True" />
              <test-case description="Should be true with '1or2=aFinding'" name="Test-StringIsNegativeOr.Should be true with '1or2=aFinding'" time="0.0116" asserts="0" success="True" result="Success" executed="True" />
              <test-case description="Should be false with '1 or 2 = is not a Finding'" name="Test-StringIsNegativeOr.Should be false with '1 or 2 = is not a Finding'" time="0.03" asserts="0" success="True" result="Success" executed="True" />
              <test-case description="Should be false with '1 or 2'" name="Test-StringIsNegativeOr.Should be false with '1 or 2'" time="0.009" asserts="0" success="True" result="Success" executed="True" />
              <test-case description="Should be false with '2'" name="Test-StringIsNegativeOr.Should be false with '2'" time="0.0087" asserts="0" success="True" result="Success" executed="True" />
              <test-case description="Should be false with 'greater than 1'" name="Test-StringIsNegativeOr.Should be false with 'greater than 1'" time="0.0119" asserts="0" success="True" result="Success" executed="True" />
            </results>
          </test-suite>
          <test-suite type="TestFixture" name="Test-StringIsPositiveOr" executed="True" result="Success" success="True" time="0.2205" asserts="0" description="Test-StringIsPositiveOr">
            <results>
              <test-case description="Verifies the function exists" name="Test-StringIsPositiveOr.Verifies the function exists" time="0.0726" asserts="0" success="True" result="Success" executed="True" />
              <test-case description="Should be true with '1 (Lock Workstation) or 2 (Force Logoff)'" name="Test-StringIsPositiveOr.Should be true with '1 (Lock Workstation) or 2 (Force Logoff)'" time="0.0202" asserts="0" success="True" result="Success" executed="True" />
              <test-case description="Should be true with '1 ( Lock Workstation ) or 2 ( Force Logoff )'" name="Test-StringIsPositiveOr.Should be true with '1 ( Lock Workstation ) or 2 ( Force Logoff )'" time="0.0068" asserts="0" success="True" result="Success" executed="True" />
              <test-case description="Should be true with '1(Lock Workstation)or2(Force Logoff)'" name="Test-StringIsPositiveOr.Should be true with '1(Lock Workstation)or2(Force Logoff)'" time="0.0104" asserts="0" success="True" result="Success" executed="True" />
              <test-case description="Should be true with '1 (Lock) or 2 (Logoff)'" name="Test-StringIsPositiveOr.Should be true with '1 (Lock) or 2 (Logoff)'" time="0.0061" asserts="0" success="True" result="Success" executed="True" />
              <test-case description="Should be true with '1 (Lock ) or 2 ( Logoff)'" name="Test-StringIsPositiveOr.Should be true with '1 (Lock ) or 2 ( Logoff)'" time="0.0063" asserts="0" success="True" result="Success" executed="True" />
              <test-case description="Should be true with '1 ( Lock) or 2 (Logoff )'" name="Test-StringIsPositiveOr.Should be true with '1 ( Lock) or 2 (Logoff )'" time="0.0118" asserts="0" success="True" result="Success" executed="True" />
              <test-case description="Should be true with '1 (Lock Workstation) or 2 (Force Logoff)'" name="Test-StringIsPositiveOr.Should be true with '1 (Lock Workstation) or 2 (Force Logoff)'" time="0.0096" asserts="0" success="True" result="Success" executed="True" />
              <test-case description="Should be true with '1 Lock Workstation or 2 Force Logoff'" name="Test-StringIsPositiveOr.Should be true with '1 Lock Workstation or 2 Force Logoff'" time="0.0103" asserts="0" success="True" result="Success" executed="True" />
              <test-case description="Should be true with '1 'Lock Workstation' or 2 'Force Logoff''" name="Test-StringIsPositiveOr.Should be true with '1 'Lock Workstation' or 2 'Force Logoff''" time="0.0097" asserts="0" success="True" result="Success" executed="True" />
              <test-case description="Should be true with '1 or 2'" name="Test-StringIsPositiveOr.Should be true with '1 or 2'" time="0.0073" asserts="0" success="True" result="Success" executed="True" />
              <test-case description="Should be true with '1 or 2 = is not a Finding'" name="Test-StringIsPositiveOr.Should be true with '1 or 2 = is not a Finding'" time="0.0084" asserts="0" success="True" result="Success" executed="True" />
              <test-case description="Should be false with '2'" name="Test-StringIsPositiveOr.Should be false with '2'" time="0.0221" asserts="0" success="True" result="Success" executed="True" />
              <test-case description="Should be false with 'greater than 1'" name="Test-StringIsPositiveOr.Should be false with 'greater than 1'" time="0.0106" asserts="0" success="True" result="Success" executed="True" />
              <test-case description="Should be false with 'Less than 10'" name="Test-StringIsPositiveOr.Should be false with 'Less than 10'" time="0.0081" asserts="0" success="True" result="Success" executed="True" />
            </results>
          </test-suite>
          <test-suite type="TestFixture" name="ConvertTo-OrTestString" executed="True" result="Success" success="True" time="0.3792" asserts="0" description="ConvertTo-OrTestString">
            <results>
              <test-suite type="TestFixture" name="NotMatch" executed="True" result="Success" success="True" time="0.1584" asserts="0" description="NotMatch">
                <results>
                  <test-case description="Should return '{0} -notmatch '10|20'' from '10 or 20 = a Finding'" name="ConvertTo-OrTestString.NotMatch.Should return '{0} -notmatch '10|20'' from '10 or 20 = a Finding'" time="0.0729" asserts="0" success="True" result="Success" executed="True" />
                  <test-case description="Should return '{0} -notmatch '1|2'' from '1 or 2 = a Finding'" name="ConvertTo-OrTestString.NotMatch.Should return '{0} -notmatch '1|2'' from '1 or 2 = a Finding'" time="0.0123" asserts="0" success="True" result="Success" executed="True" />
                  <test-case description="Should throw an error if not a valid string" name="ConvertTo-OrTestString.NotMatch.Should throw an error if not a valid string" time="0.0733" asserts="0" success="True" result="Success" executed="True" />
                </results>
              </test-suite>
              <test-suite type="TestFixture" name="Match" executed="True" result="Success" success="True" time="0.1464" asserts="0" description="Match">
                <results>
                  <test-case description="Should return '{0} -match '10|20'' from '10 or 20 '" name="ConvertTo-OrTestString.Match.Should return '{0} -match '10|20'' from '10 or 20 '" time="0.0484" asserts="0" success="True" result="Success" executed="True" />
                  <test-case description="Should return '{0} -match '1|2'' from '1 (Lock Workstation) or 2 (Force Logoff)'" name="ConvertTo-OrTestString.Match.Should return '{0} -match '1|2'' from '1 (Lock Workstation) or 2 (Force Logoff)'" time="0.0139" asserts="0" success="True" result="Success" executed="True" />
                  <test-case description="Should return '{0} -match '1|2'' from '1 or 2 '" name="ConvertTo-OrTestString.Match.Should return '{0} -match '1|2'' from '1 or 2 '" time="0.0111" asserts="0" success="True" result="Success" executed="True" />
                  <test-case description="Should throw an error if not a valid string" name="ConvertTo-OrTestString.Match.Should throw an error if not a valid string" time="0.0731" asserts="0" success="True" result="Success" executed="True" />
                </results>
              </test-suite>
              <test-case description="Should exist" name="ConvertTo-OrTestString.Should exist" time="0.0744" asserts="0" success="True" result="Success" executed="True" />
            </results>
          </test-suite>
          <test-suite type="TestFixture" name="Test-StringIsGreaterThan" executed="True" result="Success" success="True" time="0.0627" asserts="0" description="Test-StringIsGreaterThan">
            <results>
              <test-case description="Should return True when given 'Greater than 30'" name="Test-StringIsGreaterThan.Should return True when given 'Greater than 30'" time="0.0627" asserts="0" success="True" result="Success" executed="True" />
            </results>
          </test-suite>
          <test-suite type="TestFixture" name="Test-StringIsGreaterThanOrEqual" executed="True" result="Success" success="True" time="0.1935" asserts="0" description="Test-StringIsGreaterThanOrEqual">
            <results>
              <test-case description="Should return True when given '30 (or greater)'" name="Test-StringIsGreaterThanOrEqual.Should return True when given '30 (or greater)'" time="0.1093" asserts="0" success="True" result="Success" executed="True" />
              <test-case description="Should return True when given ' 30 (or greater)'" name="Test-StringIsGreaterThanOrEqual.Should return True when given ' 30 (or greater)'" time="0.0111" asserts="0" success="True" result="Success" executed="True" />
              <test-case description="Should return True when given ' 30 (or greater) '" name="Test-StringIsGreaterThanOrEqual.Should return True when given ' 30 (or greater) '" time="0.0073" asserts="0" success="True" result="Success" executed="True" />
              <test-case description="Should return True when given '0x00008000 (32768) (or greater)'" name="Test-StringIsGreaterThanOrEqual.Should return True when given '0x00008000 (32768) (or greater)'" time="0.0102" asserts="0" success="True" result="Success" executed="True" />
              <test-case description="Should return True when given ' 0x00008000 (32768) (or greater)'" name="Test-StringIsGreaterThanOrEqual.Should return True when given ' 0x00008000 (32768) (or greater)'" time="0.0116" asserts="0" success="True" result="Success" executed="True" />
              <test-case description="Should return True when given ' 0x00008000 (32768) (or greater) '" name="Test-StringIsGreaterThanOrEqual.Should return True when given ' 0x00008000 (32768) (or greater) '" time="0.0104" asserts="0" success="True" result="Success" executed="True" />
              <test-case description="Should return True when given '0x0000000f (15) (or greater)'" name="Test-StringIsGreaterThanOrEqual.Should return True when given '0x0000000f (15) (or greater)'" time="0.0139" asserts="0" success="True" result="Success" executed="True" />
              <test-case description="Should return True when given ' 0x0000000f (15) (or greater)'" name="Test-StringIsGreaterThanOrEqual.Should return True when given ' 0x0000000f (15) (or greater)'" time="0.0099" asserts="0" success="True" result="Success" executed="True" />
              <test-case description="Should return True when given ' 0x0000000f (15) (or greater) '" name="Test-StringIsGreaterThanOrEqual.Should return True when given ' 0x0000000f (15) (or greater) '" time="0.0098" asserts="0" success="True" result="Success" executed="True" />
            </results>
          </test-suite>
          <test-suite type="TestFixture" name="Test-StringIsGreaterThanButNot" executed="True" result="Success" success="True" time="0.0597" asserts="0" description="Test-StringIsGreaterThanButNot">
            <results>
              <test-case description="Should return True when given 'Greater than 30 (but not 100)'" name="Test-StringIsGreaterThanButNot.Should return True when given 'Greater than 30 (but not 100)'" time="0.0597" asserts="0" success="True" result="Success" executed="True" />
            </results>
          </test-suite>
          <test-suite type="TestFixture" name="Test-StringIsGreaterThanOrEqualButNot" executed="True" result="Success" success="True" time="0.05" asserts="0" description="Test-StringIsGreaterThanOrEqualButNot">
            <results>
              <test-case description="Should return True when given '30 (or greater, but not 100)'" name="Test-StringIsGreaterThanOrEqualButNot.Should return True when given '30 (or greater, but not 100)'" time="0.05" asserts="0" success="True" result="Success" executed="True" />
            </results>
          </test-suite>
          <test-suite type="TestFixture" name="Test-StringIsLessThan" executed="True" result="Success" success="True" time="0.0724" asserts="0" description="Test-StringIsLessThan">
            <results>
              <test-case description="Should return True when given 'less than 90'" name="Test-StringIsLessThan.Should return True when given 'less than 90'" time="0.0543" asserts="0" success="True" result="Success" executed="True" />
              <test-case description="Should return True when given ' less than 90'" name="Test-StringIsLessThan.Should return True when given ' less than 90'" time="0.0081" asserts="0" success="True" result="Success" executed="True" />
              <test-case description="Should return True when given ' less than 90 '" name="Test-StringIsLessThan.Should return True when given ' less than 90 '" time="0.0101" asserts="0" success="True" result="Success" executed="True" />
            </results>
          </test-suite>
          <test-suite type="TestFixture" name="Test-StringIsLessThanOrEqual" executed="True" result="Success" success="True" time="0.1247" asserts="0" description="Test-StringIsLessThanOrEqual">
            <results>
              <test-case description="Should return True when given '90 (or less)'" name="Test-StringIsLessThanOrEqual.Should return True when given '90 (or less)'" time="0.0532" asserts="0" success="True" result="Success" executed="True" />
              <test-case description="Should return True when given ' 90 (or less)'" name="Test-StringIsLessThanOrEqual.Should return True when given ' 90 (or less)'" time="0.0075" asserts="0" success="True" result="Success" executed="True" />
              <test-case description="Should return True when given ' 90 (or less) '" name="Test-StringIsLessThanOrEqual.Should return True when given ' 90 (or less) '" time="0.0093" asserts="0" success="True" result="Success" executed="True" />
              <test-case description="Should return True when given '0x00000384 (900) (or less)'" name="Test-StringIsLessThanOrEqual.Should return True when given '0x00000384 (900) (or less)'" time="0.0091" asserts="0" success="True" result="Success" executed="True" />
              <test-case description="Should return True when given ' 0x00000384 (900) (or less)'" name="Test-StringIsLessThanOrEqual.Should return True when given ' 0x00000384 (900) (or less)'" time="0.0068" asserts="0" success="True" result="Success" executed="True" />
              <test-case description="Should return True when given ' 0x00000384 (900) (or less) '" name="Test-StringIsLessThanOrEqual.Should return True when given ' 0x00000384 (900) (or less) '" time="0.013" asserts="0" success="True" result="Success" executed="True" />
              <test-case description="Should return True when given '0x0000000f (15) (or less)'" name="Test-StringIsLessThanOrEqual.Should return True when given '0x0000000f (15) (or less)'" time="0.0074" asserts="0" success="True" result="Success" executed="True" />
              <test-case description="Should return True when given ' 0x0000000f (15) (or less)'" name="Test-StringIsLessThanOrEqual.Should return True when given ' 0x0000000f (15) (or less)'" time="0.0084" asserts="0" success="True" result="Success" executed="True" />
              <test-case description="Should return True when given ' 0x0000000f (15) (or less) '" name="Test-StringIsLessThanOrEqual.Should return True when given ' 0x0000000f (15) (or less) '" time="0.0099" asserts="0" success="True" result="Success" executed="True" />
            </results>
          </test-suite>
          <test-suite type="TestFixture" name="Test-StringIsLessThanButNot" executed="True" result="Success" success="True" time="0.0707" asserts="0" description="Test-StringIsLessThanButNot">
            <results>
              <test-case description="Should return True when given 'less than 30 (but not 0)'" name="Test-StringIsLessThanButNot.Should return True when given 'less than 30 (but not 0)'" time="0.0707" asserts="0" success="True" result="Success" executed="True" />
            </results>
          </test-suite>
          <test-suite type="TestFixture" name="Test-StringIsLessThanOrEqualButNot" executed="True" result="Success" success="True" time="0.0963" asserts="0" description="Test-StringIsLessThanOrEqualButNot">
            <results>
              <test-case description="Should return True when given '30 (or less, but not 0)'" name="Test-StringIsLessThanOrEqualButNot.Should return True when given '30 (or less, but not 0)'" time="0.0514" asserts="0" success="True" result="Success" executed="True" />
              <test-case description="Should return True when given ' 30 (or less, but not 0)'" name="Test-StringIsLessThanOrEqualButNot.Should return True when given ' 30 (or less, but not 0)'" time="0.0108" asserts="0" success="True" result="Success" executed="True" />
              <test-case description="Should return True when given ' 30 (or less, but not 0) '" name="Test-StringIsLessThanOrEqualButNot.Should return True when given ' 30 (or less, but not 0) '" time="0.0101" asserts="0" success="True" result="Success" executed="True" />
              <test-case description="Should return True when given '3 (or less, but not 1)'" name="Test-StringIsLessThanOrEqualButNot.Should return True when given '3 (or less, but not 1)'" time="0.0073" asserts="0" success="True" result="Success" executed="True" />
              <test-case description="Should return True when given ' 3 (or less, but not 1)'" name="Test-StringIsLessThanOrEqualButNot.Should return True when given ' 3 (or less, but not 1)'" time="0.0101" asserts="0" success="True" result="Success" executed="True" />
              <test-case description="Should return True when given ' 3 (or less, but not 1) '" name="Test-StringIsLessThanOrEqualButNot.Should return True when given ' 3 (or less, but not 1) '" time="0.0066" asserts="0" success="True" result="Success" executed="True" />
            </results>
          </test-suite>
          <test-suite type="TestFixture" name="Test-StringIsMultipleValue" executed="True" result="Success" success="True" time="0.1107" asserts="0" description="Test-StringIsMultipleValue">
            <results>
              <test-case description="Should return True when given 'Possible values are NoSync, NTP, NT5DS, AllSync'" name="Test-StringIsMultipleValue.Should return True when given 'Possible values are NoSync, NTP, NT5DS, AllSync'" time="0.1107" asserts="0" success="True" result="Success" executed="True" />
            </results>
          </test-suite>
          <test-suite type="TestFixture" name="ConvertTo-MultipleValue" executed="True" result="Success" success="True" time="0.0814" asserts="0" description="ConvertTo-MultipleValue">
            <results>
              <test-case description="Should return ''{0}' -match '^(orange|lemon|cherry)$'' when given 'Possible values are orange, lemon, cherry'" name="ConvertTo-MultipleValue.Should return ''{0}' -match '^(orange|lemon|cherry)$'' when given 'Possible values are orange, lemon, cherry'" time="0.0814" asserts="0" success="True" result="Success" executed="True" />
            </results>
          </test-suite>
          <test-suite type="TestFixture" name="Get-SecurityPolicyString" executed="True" result="Success" success="True" time="0.0545" asserts="0" description="Get-SecurityPolicyString">
            <results>
              <test-case description="Should return the second string in quotes" name="Get-SecurityPolicyString.Should return the second string in quotes" time="0.0545" asserts="0" success="True" result="Success" executed="True" />
            </results>
          </test-suite>
          <test-suite type="TestFixture" name="Test-SecurityPolicyContainsRange" executed="True" result="Success" success="True" time="0.2544" asserts="0" description="Test-SecurityPolicyContainsRange">
            <results>
              <test-suite type="TestFixture" name="Match" executed="True" result="Success" success="True" time="0.1721" asserts="0" description="Match">
                <results>
                  <test-case description="Should return true from 'If the &quot;Reset account lockout counter after&quot; value is less than &quot;15&quot; minutes, this is a finding.'" name="Test-SecurityPolicyContainsRange.Match.Should return true from 'If the &quot;Reset account lockout counter after&quot; value is less than &quot;15&quot; minutes, this is a finding.'" time="0.0835" asserts="0" success="True" result="Success" executed="True" />
                  <test-case description="Should return true from 'If the value for &quot;Enforce password history&quot; is less than &quot;24&quot; passwords remembered, this is a finding.'" name="Test-SecurityPolicyContainsRange.Match.Should return true from 'If the value for &quot;Enforce password history&quot; is less than &quot;24&quot; passwords remembered, this is a finding.'" time="0.0136" asserts="0" success="True" result="Success" executed="True" />
                  <test-case description="Should return true from 'If the &quot;Account lockout threshold&quot; is &quot;0&quot; or more than &quot;3&quot; attempts, this is a finding.'" name="Test-SecurityPolicyContainsRange.Match.Should return true from 'If the &quot;Account lockout threshold&quot; is &quot;0&quot; or more than &quot;3&quot; attempts, this is a finding.'" time="0.0111" asserts="0" success="True" result="Success" executed="True" />
                  <test-case description="Should return true from 'If the &quot;Account lockout duration&quot; is less than &quot;15&quot; minutes (excluding &quot;0&quot;), this is a finding.'" name="Test-SecurityPolicyContainsRange.Match.Should return true from 'If the &quot;Account lockout duration&quot; is less than &quot;15&quot; minutes (excluding &quot;0&quot;), this is a finding.'" time="0.0102" asserts="0" success="True" result="Success" executed="True" />
                  <test-case description="Should return true from 'If the value for the &quot;Minimum password length,&quot; is less than &quot;14&quot; characters, this is a finding.'" name="Test-SecurityPolicyContainsRange.Match.Should return true from 'If the value for the &quot;Minimum password length,&quot; is less than &quot;14&quot; characters, this is a finding.'" time="0.0104" asserts="0" success="True" result="Success" executed="True" />
                  <test-case description="Should return true from 'If the value for the &quot;Minimum password age&quot; is set to &quot;0&quot; days (&quot;Password can be changed immediately.&quot;), this is a finding.'" name="Test-SecurityPolicyContainsRange.Match.Should return true from 'If the value for the &quot;Minimum password age&quot; is set to &quot;0&quot; days (&quot;Password can be changed immediately.&quot;), this is a finding.'" time="0.0171" asserts="0" success="True" result="Success" executed="True" />
                  <test-case description="Should return true from 'If the value for the &quot;Maximum password age&quot; is greater than &quot;60&quot; days, this is a finding.  If the value is set to &quot;0&quot; (never expires), this is a finding.'" name="Test-SecurityPolicyContainsRange.Match.Should return true from 'If the value for the &quot;Maximum password age&quot; is greater than &quot;60&quot; days, this is a finding.  If the value is set to &quot;0&quot; (never expires), this is a finding.'" time="0.0167" asserts="0" success="True" result="Success" executed="True" />
                  <test-case description="Should return true from 'If the value for &quot;Accounts: Rename administrator account&quot; is not set to a value other than &quot;Administrator&quot;, this is a finding.'" name="Test-SecurityPolicyContainsRange.Match.Should return true from 'If the value for &quot;Accounts: Rename administrator account&quot; is not set to a value other than &quot;Administrator&quot;, this is a finding.'" time="0.0095" asserts="0" success="True" result="Success" executed="True" />
                </results>
              </test-suite>
              <test-suite type="TestFixture" name="Not Match" executed="True" result="Success" success="True" time="0.0822" asserts="0" description="Not Match">
                <results>
                  <test-case description="Should return false from 'If the value for &quot;Password must meet complexity requirements&quot; is not set to &quot;Enabled&quot;, this is a finding.'" name="Test-SecurityPolicyContainsRange.Not Match.Should return false from 'If the value for &quot;Password must meet complexity requirements&quot; is not set to &quot;Enabled&quot;, this is a finding.'" time="0.0578" asserts="0" success="True" result="Success" executed="True" />
                  <test-case description="Should return false from 'If the value for &quot;Store password using reversible encryption&quot; is not set to &quot;Disabled&quot;, this is a finding.'" name="Test-SecurityPolicyContainsRange.Not Match.Should return false from 'If the value for &quot;Store password using reversible encryption&quot; is not set to &quot;Disabled&quot;, this is a finding.'" time="0.0129" asserts="0" success="True" result="Success" executed="True" />
                  <test-case description="Should return false from 'If the &quot;Account lockout duration&quot; is not set to &quot;0&quot;, requiring an administrator to unlock the account, this is a finding.'" name="Test-SecurityPolicyContainsRange.Not Match.Should return false from 'If the &quot;Account lockout duration&quot; is not set to &quot;0&quot;, requiring an administrator to unlock the account, this is a finding.'" time="0.0116" asserts="0" success="True" result="Success" executed="True" />
                </results>
              </test-suite>
            </results>
          </test-suite>
          <test-suite type="TestFixture" name="Get-SecurityPolicyOrganizationValueTestString" executed="True" result="Success" success="True" time="0.1727" asserts="0" description="Get-SecurityPolicyOrganizationValueTestString">
            <results>
              <test-case description="Should return ('{0}' -ge '15' -or '{0}' -eq '0') from 'If the &quot;Account lockout duration&quot; is less than &quot;15&quot; minutes (excluding &quot;0&quot;), this is a finding.'" name="Get-SecurityPolicyOrganizationValueTestString.Should return ('{0}' -ge '15' -or '{0}' -eq '0') from 'If the &quot;Account lockout duration&quot; is less than &quot;15&quot; minutes (excluding &quot;0&quot;), this is a finding.'" time="0.0741" asserts="0" success="True" result="Success" executed="True" />
              <test-case description="Should return ('{0}' -le '60' -and '{0}' -ne '0') from 'If the value for the &quot;Maximum password age&quot; is greater than &quot;60&quot; days, this is a finding.  If the value is set to &quot;0&quot; (never expires), this is a finding.'" name="Get-SecurityPolicyOrganizationValueTestString.Should return ('{0}' -le '60' -and '{0}' -ne '0') from 'If the value for the &quot;Maximum password age&quot; is greater than &quot;60&quot; days, this is a finding.  If the value is set to &quot;0&quot; (never expires), this is a finding.'" time="0.0119" asserts="0" success="True" result="Success" executed="True" />
              <test-case description="Should return ('{0}' -ne '0') from 'If the value for the &quot;Minimum password age&quot; is set to &quot;0&quot; days (&quot;Password can be changed immediately.&quot;), this is a finding.'" name="Get-SecurityPolicyOrganizationValueTestString.Should return ('{0}' -ne '0') from 'If the value for the &quot;Minimum password age&quot; is set to &quot;0&quot; days (&quot;Password can be changed immediately.&quot;), this is a finding.'" time="0.0222" asserts="0" success="True" result="Success" executed="True" />
              <test-case description="Should return ('{0}' -ge '15') from 'If the &quot;Reset account lockout counter after&quot; value is less than &quot;15&quot; minutes , this is a finding.'" name="Get-SecurityPolicyOrganizationValueTestString.Should return ('{0}' -ge '15') from 'If the &quot;Reset account lockout counter after&quot; value is less than &quot;15&quot; minutes , this is a finding.'" time="0.0192" asserts="0" success="True" result="Success" executed="True" />
              <test-case description="Should return ('{0}' -le '3' -and '{0}' -ne '0') from 'If the &quot;Account lockout threshold&quot; is &quot;0&quot; or more than &quot;3&quot; attempts, this is a finding.'" name="Get-SecurityPolicyOrganizationValueTestString.Should return ('{0}' -le '3' -and '{0}' -ne '0') from 'If the &quot;Account lockout threshold&quot; is &quot;0&quot; or more than &quot;3&quot; attempts, this is a finding.'" time="0.0124" asserts="0" success="True" result="Success" executed="True" />
              <test-case description="Should throw if a match is not found" name="Get-SecurityPolicyOrganizationValueTestString.Should throw if a match is not found" time="0.0329" asserts="0" success="True" result="Success" executed="True" />
            </results>
          </test-suite>
        </results>
      </test-suite>
      <test-suite type="TestFixture" name="C:\Users\adamh\source\repos\PowerSTIG\PowerStigConvert\tests\unit\private\common\registryRule.tests.ps1" executed="True" result="Failure" success="False" time="5.6621" asserts="0" description="C:\Users\adamh\source\repos\PowerSTIG\PowerStigConvert\tests\unit\private\common\registryRule.tests.ps1">
        <results>
          <test-suite type="TestFixture" name="ConvertTo-RegistryRule" executed="True" result="Success" success="True" time="0.3882" asserts="0" description="ConvertTo-RegistryRule">
            <results>
              <test-case description="Should return an RegistryRule object" name="ConvertTo-RegistryRule.Should return an RegistryRule object" time="0.3882" asserts="0" success="True" result="Success" executed="True" />
            </results>
          </test-suite>
          <test-suite type="TestFixture" name="Get-RegistryKey" executed="True" result="Failure" success="False" time="0.3742" asserts="0" description="Get-RegistryKey">
            <results>
              <test-suite type="TestFixture" name="Windows STIG" executed="True" result="Failure" success="False" time="0.1967" asserts="0" description="Windows STIG">
                <results>
                  <test-case description="Should return the correct path" name="Get-RegistryKey.Windows STIG.Should return the correct path" time="0.1967" asserts="0" success="False" result="Failure" executed="True">
                    <failure>
                      <message>This command has been renamed to 'Assert-VerifiableMock' (without the 's' at the end), please update your code. For more information see: https://github.com/pester/Pester/wiki/Migrating-from-Pester-3-to-Pester-4</message>
                      <stack-trace>at &lt;ScriptBlock&gt;, C:\Program Files\WindowsPowerShell\Modules\Pester\4.1.1\Pester.psm1: line 1145
1145: Throw "This command has been renamed to 'Assert-VerifiableMock' (without the 's' at the end), please update your code. For more information see: https://github.com/pester/Pester/wiki/Migrating-from-Pester-3-to-Pester-4"
</stack-trace>
                    </failure>
                  </test-case>
                </results>
              </test-suite>
              <test-suite type="TestFixture" name="Office STIG" executed="True" result="Failure" success="False" time="0.1775" asserts="0" description="Office STIG">
                <results>
                  <test-case description="Should return the correct HKCU path" name="Get-RegistryKey.Office STIG.Should return the correct HKCU path" time="0.1372" asserts="0" success="False" result="Failure" executed="True">
                    <failure>
                      <message>This command has been renamed to 'Assert-VerifiableMock' (without the 's' at the end), please update your code. For more information see: https://github.com/pester/Pester/wiki/Migrating-from-Pester-3-to-Pester-4</message>
                      <stack-trace>at &lt;ScriptBlock&gt;, C:\Program Files\WindowsPowerShell\Modules\Pester\4.1.1\Pester.psm1: line 1145
1145: Throw "This command has been renamed to 'Assert-VerifiableMock' (without the 's' at the end), please update your code. For more information see: https://github.com/pester/Pester/wiki/Migrating-from-Pester-3-to-Pester-4"
</stack-trace>
                    </failure>
                  </test-case>
                  <test-case description="Should return the correct HKLM path" name="Get-RegistryKey.Office STIG.Should return the correct HKLM path" time="0.0403" asserts="0" success="True" result="Success" executed="True" />
                </results>
              </test-suite>
            </results>
          </test-suite>
          <test-suite type="TestFixture" name="Get-RegistryHiveFromWindowsStig" executed="True" result="Success" success="True" time="0.2139" asserts="0" description="Get-RegistryHiveFromWindowsStig">
            <results>
              <test-case description=" Should return 'HKEY_LOCAL_MACHINE' from 'Registry Hive:HKEY_LOCAL_MACHINE'" name="Get-RegistryHiveFromWindowsStig. Should return 'HKEY_LOCAL_MACHINE' from 'Registry Hive:HKEY_LOCAL_MACHINE'" time="0.0705" asserts="0" success="True" result="Success" executed="True" />
              <test-case description=" Should return 'HKEY_LOCAL_MACHINE' from 'Registry Hive: HKEY_LOCAL_MACHINE'" name="Get-RegistryHiveFromWindowsStig. Should return 'HKEY_LOCAL_MACHINE' from 'Registry Hive: HKEY_LOCAL_MACHINE'" time="0.014" asserts="0" success="True" result="Success" executed="True" />
              <test-case description=" Should return 'HKEY_LOCAL_MACHINE' from ' Registry Hive: HKEY_LOCAL_MACHINE'" name="Get-RegistryHiveFromWindowsStig. Should return 'HKEY_LOCAL_MACHINE' from ' Registry Hive: HKEY_LOCAL_MACHINE'" time="0.012" asserts="0" success="True" result="Success" executed="True" />
              <test-case description=" Should return 'HKEY_LOCAL_MACHINE' from ' Registry Hive:  HKEY_LOCAL_MACHINE'" name="Get-RegistryHiveFromWindowsStig. Should return 'HKEY_LOCAL_MACHINE' from ' Registry Hive:  HKEY_LOCAL_MACHINE'" time="0.0138" asserts="0" success="True" result="Success" executed="True" />
              <test-case description=" Should return 'HKEY_LOCAL_MACHINE' from 'Hive:HKEY_LOCAL_MACHINE'" name="Get-RegistryHiveFromWindowsStig. Should return 'HKEY_LOCAL_MACHINE' from 'Hive:HKEY_LOCAL_MACHINE'" time="0.0102" asserts="0" success="True" result="Success" executed="True" />
              <test-case description=" Should return 'HKEY_LOCAL_MACHINE' from 'Hive: HKEY_LOCAL_MACHINE'" name="Get-RegistryHiveFromWindowsStig. Should return 'HKEY_LOCAL_MACHINE' from 'Hive: HKEY_LOCAL_MACHINE'" time="0.0094" asserts="0" success="True" result="Success" executed="True" />
              <test-case description=" Should return 'HKEY_LOCAL_MACHINE' from 'Hive:  HKEY_LOCAL_MACHINE'" name="Get-RegistryHiveFromWindowsStig. Should return 'HKEY_LOCAL_MACHINE' from 'Hive:  HKEY_LOCAL_MACHINE'" time="0.0094" asserts="0" success="True" result="Success" executed="True" />
              <test-case description=" Should return 'HKEY_LOCAL_MACHINE' from ' Hive:HKEY_LOCAL_MACHINE'" name="Get-RegistryHiveFromWindowsStig. Should return 'HKEY_LOCAL_MACHINE' from ' Hive:HKEY_LOCAL_MACHINE'" time="0.0131" asserts="0" success="True" result="Success" executed="True" />
              <test-case description=" Should return 'HKEY_LOCAL_MACHINE' from ' Hive:HKEY_LOCAL_MACHINE'" name="Get-RegistryHiveFromWindowsStig. Should return 'HKEY_LOCAL_MACHINE' from ' Hive:HKEY_LOCAL_MACHINE'" time="0.0208" asserts="0" success="True" result="Success" executed="True" />
              <test-case description=" Should return 'HKEY_LOCAL_MACHINE' from ' Hive:  HKEY_LOCAL_MACHINE'" name="Get-RegistryHiveFromWindowsStig. Should return 'HKEY_LOCAL_MACHINE' from ' Hive:  HKEY_LOCAL_MACHINE'" time="0.0123" asserts="0" success="True" result="Success" executed="True" />
              <test-case description=" Should throw an error when a hive is not found" name="Get-RegistryHiveFromWindowsStig. Should throw an error when a hive is not found" time="0.0283" asserts="0" success="True" result="Success" executed="True" />
            </results>
          </test-suite>
          <test-suite type="TestFixture" name="Get-RegistryPathFromWindowsStig" executed="True" result="Success" success="True" time="0.4211" asserts="0" description="Get-RegistryPathFromWindowsStig">
            <results>
              <test-case description="Should return '\SYSTEM\CurrentControlSet' from 'Registry Path: \SYSTEM\CurrentControlSet\'" name="Get-RegistryPathFromWindowsStig.Should return '\SYSTEM\CurrentControlSet' from 'Registry Path: \SYSTEM\CurrentControlSet\'" time="0.0775" asserts="0" success="True" result="Success" executed="True" />
              <test-case description="Should return '\SYSTEM\CurrentControlSet' from ' Registry Path: SYSTEM\CurrentControlSet\'" name="Get-RegistryPathFromWindowsStig.Should return '\SYSTEM\CurrentControlSet' from ' Registry Path: SYSTEM\CurrentControlSet\'" time="0.0072" asserts="0" success="True" result="Success" executed="True" />
              <test-case description="Should return '\SYSTEM\CurrentControlSet' from 'Registry Path:  \SYSTEM\CurrentControlSet\'" name="Get-RegistryPathFromWindowsStig.Should return '\SYSTEM\CurrentControlSet' from 'Registry Path:  \SYSTEM\CurrentControlSet\'" time="0.0059" asserts="0" success="True" result="Success" executed="True" />
              <test-case description="Should return '\SYSTEM\CurrentControlSet' from ' Registry Path:  SYSTEM\CurrentControlSet\'" name="Get-RegistryPathFromWindowsStig.Should return '\SYSTEM\CurrentControlSet' from ' Registry Path:  SYSTEM\CurrentControlSet\'" time="0.0062" asserts="0" success="True" result="Success" executed="True" />
              <test-case description="Should return '\SYSTEM\CurrentControlSet' from 'Path: \SYSTEM\CurrentControlSet\'" name="Get-RegistryPathFromWindowsStig.Should return '\SYSTEM\CurrentControlSet' from 'Path: \SYSTEM\CurrentControlSet\'" time="0.0069" asserts="0" success="True" result="Success" executed="True" />
              <test-case description="Should return '\SYSTEM\CurrentControlSet' from ' Path: SYSTEM\CurrentControlSet\'" name="Get-RegistryPathFromWindowsStig.Should return '\SYSTEM\CurrentControlSet' from ' Path: SYSTEM\CurrentControlSet\'" time="0.0069" asserts="0" success="True" result="Success" executed="True" />
              <test-case description="Should return '\SYSTEM\CurrentControlSet' from ' Path:  SYSTEM\CurrentControlSet\'" name="Get-RegistryPathFromWindowsStig.Should return '\SYSTEM\CurrentControlSet' from ' Path:  SYSTEM\CurrentControlSet\'" time="0.007" asserts="0" success="True" result="Success" executed="True" />
              <test-case description="Should return '\SYSTEM\CurrentControlSet' from 'Path: \SYSTEM\CurrentControlSet'" name="Get-RegistryPathFromWindowsStig.Should return '\SYSTEM\CurrentControlSet' from 'Path: \SYSTEM\CurrentControlSet'" time="0.009" asserts="0" success="True" result="Success" executed="True" />
[...]
              <test-case description="DnsServerSettingRule should exist" name="RuleType Enumeration.DnsServerSettingRule should exist" time="0.007" asserts="0" success="True" result="Success" executed="True" />
              <test-case description="DocumentRule should exist" name="RuleType Enumeration.DocumentRule should exist" time="0.0104" asserts="0" success="True" result="Success" executed="True" />
              <test-case description="GroupRule should exist" name="RuleType Enumeration.GroupRule should exist" time="0.012" asserts="0" success="True" result="Success" executed="True" />
              <test-case description="IisLoggingRule should exist" name="RuleType Enumeration.IisLoggingRule should exist" time="0.0061" asserts="0" success="True" result="Success" executed="True" />
              <test-case description="ManualRule should exist" name="RuleType Enumeration.ManualRule should exist" time="0.0085" asserts="0" success="True" result="Success" executed="True" />
              <test-case description="MimeTypeRule should exist" name="RuleType Enumeration.MimeTypeRule should exist" time="0.0079" asserts="0" success="True" result="Success" executed="True" />
              <test-case description="PermissionRule should exist" name="RuleType Enumeration.PermissionRule should exist" time="0.0108" asserts="0" success="True" result="Success" executed="True" />
              <test-case description="ProcessMitigationRule should exist" name="RuleType Enumeration.ProcessMitigationRule should exist" time="0.0067" asserts="0" success="True" result="Success" executed="True" />
              <test-case description="RegistryRule should exist" name="RuleType Enumeration.RegistryRule should exist" time="0.0098" asserts="0" success="True" result="Success" executed="True" />
              <test-case description="SecurityOptionRule should exist" name="RuleType Enumeration.SecurityOptionRule should exist" time="0.0197" asserts="0" success="True" result="Success" executed="True" />
              <test-case description="ServiceRule should exist" name="RuleType Enumeration.ServiceRule should exist" time="0.0095" asserts="0" success="True" result="Success" executed="True" />
              <test-case description="SqlScriptRule should exist" name="RuleType Enumeration.SqlScriptRule should exist" time="0.0104" asserts="0" success="True" result="Success" executed="True" />
              <test-case description="UserRightRule should exist" name="RuleType Enumeration.UserRightRule should exist" time="0.0075" asserts="0" success="True" result="Success" executed="True" />
              <test-case description="WebAppPoolRule should exist" name="RuleType Enumeration.WebAppPoolRule should exist" time="0.0076" asserts="0" success="True" result="Success" executed="True" />
              <test-case description="WebConfigurationPropertyRule should exist" name="RuleType Enumeration.WebConfigurationPropertyRule should exist" time="0.0114" asserts="0" success="True" result="Success" executed="True" />
              <test-case description="WindowsFeatureRule should exist" name="RuleType Enumeration.WindowsFeatureRule should exist" time="0.0088" asserts="0" success="True" result="Success" executed="True" />
              <test-case description="WinEventLogRule should exist" name="RuleType Enumeration.WinEventLogRule should exist" time="0.0095" asserts="0" success="True" result="Success" executed="True" />
              <test-case description="WmiRule should exist" name="RuleType Enumeration.WmiRule should exist" time="0.0096" asserts="0" success="True" result="Success" executed="True" />
            </results>
          </test-suite>
          <test-suite type="TestFixture" name="ensure Enumeration" executed="True" result="Success" success="True" time="0.049" asserts="0" description="ensure Enumeration">
            <results>
              <test-case description="Present should exist" name="ensure Enumeration.Present should exist" time="0.042" asserts="0" success="True" result="Success" executed="True" />
              <test-case description="Absent should exist" name="ensure Enumeration.Absent should exist" time="0.007" asserts="0" success="True" result="Success" executed="True" />
            </results>
          </test-suite>
          <test-suite type="TestFixture" name="Severity Enumeration" executed="True" result="Success" success="True" time="0.0427" asserts="0" description="Severity Enumeration">
            <results>
              <test-case description="low should exist" name="Severity Enumeration.low should exist" time="0.0289" asserts="0" success="True" result="Success" executed="True" />
              <test-case description="medium should exist" name="Severity Enumeration.medium should exist" time="0.0056" asserts="0" success="True" result="Success" executed="True" />
              <test-case description="high should exist" name="Severity Enumeration.high should exist" time="0.0081" asserts="0" success="True" result="Success" executed="True" />
            </results>
          </test-suite>
          <test-suite type="TestFixture" name="Process Enumeration" executed="True" result="Success" success="True" time="0.0492" asserts="0" description="Process Enumeration">
            <results>
              <test-case description="auto should exist" name="Process Enumeration.auto should exist" time="0.0418" asserts="0" success="True" result="Success" executed="True" />
              <test-case description="manual should exist" name="Process Enumeration.manual should exist" time="0.0074" asserts="0" success="True" result="Success" executed="True" />
            </results>
          </test-suite>
          <test-suite type="TestFixture" name="Enum coverage" executed="True" result="Success" success="True" time="0.0659" asserts="0" description="Enum coverage">
            <results>
              <test-case description="Should have tested 5 enum's" name="Enum coverage.Should have tested 5 enum's" time="0.0659" asserts="0" success="True" result="Success" executed="True" />
            </results>
          </test-suite>
        </results>
      </test-suite>
      <test-suite type="TestFixture" name="C:\Users\adamh\source\repos\PowerSTIG\PowerStigConvert\tests\unit\public\common\main.dscXml.tests.ps1" executed="True" result="Inconclusive" success="True" time="0.1442" asserts="0" description="C:\Users\adamh\source\repos\PowerSTIG\PowerStigConvert\tests\unit\public\common\main.dscXml.tests.ps1">
        <results>
          <test-suite type="TestFixture" name="ConvertTo-DscStigXml" executed="True" result="Inconclusive" success="True" time="0.1442" asserts="0" description="ConvertTo-DscStigXml">
            <results>
              <test-case description="Should have a synopsis in the help" name="ConvertTo-DscStigXml.Should have a synopsis in the help" time="0.1413" asserts="0" success="True" result="Success" executed="True" />
              <test-case description="Should throw an error when given bad xml" name="ConvertTo-DscStigXml.Should throw an error when given bad xml" time="0.0029" asserts="0" success="True" result="Inconclusive" executed="True" />
            </results>
          </test-suite>
        </results>
      </test-suite>
      <test-suite type="TestFixture" name="C:\Users\adamh\source\repos\PowerSTIG\PowerStigConvert\tests\unit\public\common\main.report.tests.ps1" executed="True" result="Success" success="True" time="0.3301" asserts="0" description="C:\Users\adamh\source\repos\PowerSTIG\PowerStigConvert\tests\unit\public\common\main.report.tests.ps1">
        <results>
          <test-suite type="TestFixture" name="Get-ConversionReport" executed="True" result="Success" success="True" time="0.3301" asserts="0" description="Get-ConversionReport">
            <results>
              <test-case description="Should have a synopsis in the help" name="Get-ConversionReport.Should have a synopsis in the help" time="0.1137" asserts="0" success="True" result="Success" executed="True" />
              <test-case description="Should return an array" name="Get-ConversionReport.Should return an array" time="0.1203" asserts="0" success="True" result="Success" executed="True" />
              <test-case description="Should contain a RuleType member" name="Get-ConversionReport.Should contain a RuleType member" time="0.0277" asserts="0" success="True" result="Success" executed="True" />
              <test-case description="Should contain a Count member" name="Get-ConversionReport.Should contain a Count member" time="0.0344" asserts="0" success="True" result="Success" executed="True" />
              <test-case description="Should contain a Errors member" name="Get-ConversionReport.Should contain a Errors member" time="0.034" asserts="0" success="True" result="Success" executed="True" />
            </results>
          </test-suite>
        </results>
      </test-suite>
      <test-suite type="TestFixture" name="C:\Users\adamh\source\repos\PowerSTIG\PowerStigConvert\tests\unit\public\common\main.xccdfXml.tests.ps1" executed="True" result="Success" success="True" time="0.4963" asserts="0" description="C:\Users\adamh\source\repos\PowerSTIG\PowerStigConvert\tests\unit\public\common\main.xccdfXml.tests.ps1">
        <results>
          <test-suite type="TestFixture" name="ConvertFrom-StigXccdf" executed="True" result="Success" success="True" time="0" asserts="0" description="ConvertFrom-StigXccdf">
            <results />
          </test-suite>
          <test-suite type="TestFixture" name="Split-StigXccdf" executed="True" result="Success" success="True" time="0.4963" asserts="0" description="Split-StigXccdf">
            <results>
              <test-suite type="TestFixture" name="Member Server" executed="True" result="Success" success="True" time="0.3462" asserts="0" description="Member Server">
                <results>
                  <test-case description="Should split a Windows Server 2016 STIG into an MS stig files" name="Split-StigXccdf.Member Server.Should split a Windows Server 2016 STIG into an MS stig files" time="0.2988" asserts="0" success="True" result="Success" executed="True" />
                  <test-case description="Should not have a Domain Controller only setting" name="Split-StigXccdf.Member Server.Should not have a Domain Controller only setting" time="0.0474" asserts="0" success="True" result="Success" executed="True" />
                </results>
              </test-suite>
              <test-suite type="TestFixture" name="Domain Controller" executed="True" result="Success" success="True" time="0.1501" asserts="0" description="Domain Controller">
                <results>
                  <test-case description="Should split a Windows Server 2016 STIG into an DC stig files" name="Split-StigXccdf.Domain Controller.Should split a Windows Server 2016 STIG into an DC stig files" time="0.1078" asserts="0" success="True" result="Success" executed="True" />
                  <test-case description="Should not have a Member Server only setting" name="Split-StigXccdf.Domain Controller.Should not have a Member Server only setting" time="0.0423" asserts="0" success="True" result="Success" executed="True" />
                </results>
              </test-suite>
            </results>
          </test-suite>
        </results>
      </test-suite>
      <test-suite type="TestFixture" name="C:\Users\adamh\source\repos\PowerSTIG\PowerStigConvert\tests\unit\public\data\data.Registry.tests.ps1" executed="True" result="Success" success="True" time="0.9783" asserts="0" description="C:\Users\adamh\source\repos\PowerSTIG\PowerStigConvert\tests\unit\public\data\data.Registry.tests.ps1">
        <results>
          <test-suite type="TestFixture" name="DscRegistryValueType Data Section" executed="True" result="Success" success="True" time="0.3882" asserts="0" description="DscRegistryValueType Data Section">
            <results>
              <test-case description="'REG_BINARY' should exist and return 'Binary'" name="DscRegistryValueType Data Section.'REG_BINARY' should exist and return 'Binary'" time="0.2258" asserts="0" success="True" result="Success" executed="True" />
              <test-case description="'REG_MULTI_SZ' should exist and return 'MultiString'" name="DscRegistryValueType Data Section.'REG_MULTI_SZ' should exist and return 'MultiString'" time="0.028" asserts="0" success="True" result="Success" executed="True" />
              <test-case description="'Does Not Exist' should exist and return 'Does Not Exist'" name="DscRegistryValueType Data Section.'Does Not Exist' should exist and return 'Does Not Exist'" time="0.0493" asserts="0" success="True" result="Success" executed="True" />
              <test-case description="'REG_QWORD' should exist and return 'Qword'" name="DscRegistryValueType Data Section.'REG_QWORD' should exist and return 'Qword'" time="0.0306" asserts="0" success="True" result="Success" executed="True" />
              <test-case description="'REG_EXPAND_SZ' should exist and return 'ExpandableString'" name="DscRegistryValueType Data Section.'REG_EXPAND_SZ' should exist and return 'ExpandableString'" time="0.0142" asserts="0" success="True" result="Success" executed="True" />
              <test-case description="'REG_DWORD' should exist and return 'Dword'" name="DscRegistryValueType Data Section.'REG_DWORD' should exist and return 'Dword'" time="0.0193" asserts="0" success="True" result="Success" executed="True" />
              <test-case description="'REG_SZ' should exist and return 'String'" name="DscRegistryValueType Data Section.'REG_SZ' should exist and return 'String'" time="0.0211" asserts="0" success="True" result="Success" executed="True" />
            </results>
          </test-suite>
          <test-suite type="TestFixture" name="RegistryRegularExpression Data Section" executed="True" result="Success" success="True" time="0.5901" asserts="0" description="RegistryRegularExpression Data Section">
            <results>
              <test-suite type="TestFixture" name="Hive Match" executed="True" result="Success" success="True" time="0.1665" asserts="0" description="Hive Match">
                <results>
                  <test-case description="Should match 'Hive:HKEY_LOCAL_MACHINE'" name="RegistryRegularExpression Data Section.Hive Match.Should match 'Hive:HKEY_LOCAL_MACHINE'" time="0.142" asserts="0" success="True" result="Success" executed="True" />
                  <test-case description="Should match 'Hive: HKEY_LOCAL_MACHINE'" name="RegistryRegularExpression Data Section.Hive Match.Should match 'Hive: HKEY_LOCAL_MACHINE'" time="0.0076" asserts="0" success="True" result="Success" executed="True" />
                  <test-case description="Should match 'Registry Hive:HKEY_LOCAL_MACHINE'" name="RegistryRegularExpression Data Section.Hive Match.Should match 'Registry Hive:HKEY_LOCAL_MACHINE'" time="0.0057" asserts="0" success="True" result="Success" executed="True" />
                  <test-case description="Should match 'Registry Hive: HKEY_LOCAL_MACHINE'" name="RegistryRegularExpression Data Section.Hive Match.Should match 'Registry Hive: HKEY_LOCAL_MACHINE'" time="0.0112" asserts="0" success="True" result="Success" executed="True" />
                </results>
              </test-suite>
              <test-suite type="TestFixture" name="Path Match" executed="True" result="Success" success="True" time="0.0941" asserts="0" description="Path Match">
                <results>
                  <test-case description="Should match 'SubKey : \Path\To\RegistryValue'" name="RegistryRegularExpression Data Section.Path Match.Should match 'SubKey : \Path\To\RegistryValue'" time="0.0858" asserts="0" success="True" result="Success" executed="True" />
                  <test-case description="Should match 'Registry Path :\Path\To\RegistryValue'" name="RegistryRegularExpression Data Section.Path Match.Should match 'Registry Path :\Path\To\RegistryValue'" time="0.0082" asserts="0" success="True" result="Success" executed="True" />
                </results>
              </test-suite>
              <test-suite type="TestFixture" name="Type Match" executed="True" result="Success" success="True" time="0.138" asserts="0" description="Type Match">
                <results>
                  <test-case description="Should match 'Type:REG_SZ'" name="RegistryRegularExpression Data Section.Type Match.Should match 'Type:REG_SZ'" time="0.0586" asserts="0" success="True" result="Success" executed="True" />
                  <test-case description="Should match 'Type: REG_BINARY'" name="RegistryRegularExpression Data Section.Type Match.Should match 'Type: REG_BINARY'" time="0.0081" asserts="0" success="True" result="Success" executed="True" />
                  <test-case description="Should match '  Type:  REG_DWORD'" name="RegistryRegularExpression Data Section.Type Match.Should match '  Type:  REG_DWORD'" time="0.0369" asserts="0" success="True" result="Success" executed="True" />
                  <test-case description="Should match ' Type: REG_QWORD'" name="RegistryRegularExpression Data Section.Type Match.Should match ' Type: REG_QWORD'" time="0.0144" asserts="0" success="True" result="Success" executed="True" />
                  <test-case description="Should match 'Type: REG_MULTI_SZ '" name="RegistryRegularExpression Data Section.Type Match.Should match 'Type: REG_MULTI_SZ '" time="0.0104" asserts="0" success="True" result="Success" executed="True" />
                  <test-case description="Should match 'Type:  REG_EXPAND_SZ'" name="RegistryRegularExpression Data Section.Type Match.Should match 'Type:  REG_EXPAND_SZ'" time="0.0096" asserts="0" success="True" result="Success" executed="True" />
                </results>
              </test-suite>
              <test-suite type="TestFixture" name="ValueName Match" executed="True" result="Success" success="True" time="0.0726" asserts="0" description="ValueName Match">
                <results>
                  <test-case description="Should match 'Value Name : SettingName'" name="RegistryRegularExpression Data Section.ValueName Match.Should match 'Value Name : SettingName'" time="0.0726" asserts="0" success="True" result="Success" executed="True" />
                </results>
              </test-suite>
              <test-suite type="TestFixture" name="ValueData Match" executed="True" result="Success" success="True" time="0.0708" asserts="0" description="ValueData Match">
                <results>
                  <test-case description="Should match 'Value : 1'" name="RegistryRegularExpression Data Section.ValueData Match.Should match 'Value : 1'" time="0.0568" asserts="0" success="True" result="Success" executed="True" />
                  <test-case description="Should not match 'The policy referenced configures the following registry value:'" name="RegistryRegularExpression Data Section.ValueData Match.Should not match 'The policy referenced configures the following registry value:'" time="0.014" asserts="0" success="True" result="Success" executed="True" />
                </results>
              </test-suite>
              <test-suite type="TestFixture" name="Value Data Range Match" executed="True" result="Success" success="True" time="0.0481" asserts="0" description="Value Data Range Match">
                <results>
                  <test-case description="Should match 'Possible values are'" name="RegistryRegularExpression Data Section.Value Data Range Match.Should match 'Possible values are'" time="0.0481" asserts="0" success="True" result="Success" executed="True" />
                </results>
              </test-suite>
            </results>
          </test-suite>
        </results>
      </test-suite>
    </results>
  </test-suite>
</test-results>